<?xml version="1.0" encoding="UTF-8"?>
<!-- Generated by org.testng.reporters.JUnitXMLReporter -->
<testsuite ignored="0" hostname="LAPTOP-G4HG93AR" failures="0" tests="14" name="Default test" time="25.966" errors="0" timestamp="2023-03-12T18:43:49 IST">
  <testcase classname="com.test.PageTestCases" name="@BeforeClass setUp" time="24.379">
    <failure type="org.openqa.selenium.remote.UnreachableBrowserException" message="Error communicating with the remote browser. It may have died.
Build info: version: &amp;apos;4.8.1&amp;apos;, revision: &amp;apos;8ebccac989&amp;apos;
System info: os.name: &amp;apos;Windows 11&amp;apos;, os.arch: &amp;apos;amd64&amp;apos;, os.version: &amp;apos;10.0&amp;apos;, java.version: &amp;apos;19.0.2&amp;apos;
Driver info: org.openqa.selenium.chrome.ChromeDriver
Command: [e71c9b65b2099d22f0c10019e60a1895, get {url=https://demoblaze.com/index.html}]
Capabilities {acceptInsecureCerts: false, browserName: chrome, browserVersion: 110.0.5481.104, chrome: {chromedriverVersion: 110.0.5481.77 (65ed616c6e8e..., userDataDir: C:\Users\HP\AppData\Local\T...}, goog:chromeOptions: {debuggerAddress: localhost:7823}, networkConnectionEnabled: false, pageLoadStrategy: normal, platformName: WINDOWS, proxy: Proxy(), se:cdp: ws://localhost:7823/devtool..., se:cdpVersion: 110.0.5481.104, setWindowRect: true, strictFileInteractability: false, timeouts: {implicit: 0, pageLoad: 300000, script: 30000}, unhandledPromptBehavior: dismiss and notify, webauthn:extension:credBlob: true, webauthn:extension:largeBlob: true, webauthn:virtualAuthenticators: true}
Session ID: e71c9b65b2099d22f0c10019e60a1895">
      <![CDATA[org.openqa.selenium.remote.UnreachableBrowserException: Error communicating with the remote browser. It may have died.
Build info: version: '4.8.1', revision: '8ebccac989'
System info: os.name: 'Windows 11', os.arch: 'amd64', os.version: '10.0', java.version: '19.0.2'
Driver info: org.openqa.selenium.chrome.ChromeDriver
Command: [e71c9b65b2099d22f0c10019e60a1895, get {url=https://demoblaze.com/index.html}]
Capabilities {acceptInsecureCerts: false, browserName: chrome, browserVersion: 110.0.5481.104, chrome: {chromedriverVersion: 110.0.5481.77 (65ed616c6e8e..., userDataDir: C:\Users\HP\AppData\Local\T...}, goog:chromeOptions: {debuggerAddress: localhost:7823}, networkConnectionEnabled: false, pageLoadStrategy: normal, platformName: WINDOWS, proxy: Proxy(), se:cdp: ws://localhost:7823/devtool..., se:cdpVersion: 110.0.5481.104, setWindowRect: true, strictFileInteractability: false, timeouts: {implicit: 0, pageLoad: 300000, script: 30000}, unhandledPromptBehavior: dismiss and notify, webauthn:extension:credBlob: true, webauthn:extension:largeBlob: true, webauthn:virtualAuthenticators: true}
Session ID: e71c9b65b2099d22f0c10019e60a1895
at org.openqa.selenium.remote.RemoteWebDriver.execute(RemoteWebDriver.java:567)
at org.openqa.selenium.remote.RemoteWebDriver.get(RemoteWebDriver.java:297)
at com.TestBase.TestBase.Initialization(TestBase.java:40)
at com.test.PageTestCases.setUp(PageTestCases.java:53)
at java.base/jdk.internal.reflect.DirectMethodHandleAccessor.invoke(DirectMethodHandleAccessor.java:104)
at java.base/java.lang.reflect.Method.invoke(Method.java:578)
at org.testng.internal.MethodInvocationHelper.invokeMethod(MethodInvocationHelper.java:133)
at org.testng.internal.MethodInvocationHelper.invokeMethodConsideringTimeout(MethodInvocationHelper.java:62)
at org.testng.internal.ConfigInvoker.invokeConfigurationMethod(ConfigInvoker.java:385)
at org.testng.internal.ConfigInvoker.invokeConfigurations(ConfigInvoker.java:321)
at org.testng.internal.TestMethodWorker.invokeBeforeClassMethods(TestMethodWorker.java:176)
at org.testng.internal.TestMethodWorker.run(TestMethodWorker.java:122)
at java.base/java.util.ArrayList.forEach(ArrayList.java:1511)
at org.testng.TestRunner.privateRun(TestRunner.java:794)
at org.testng.TestRunner.run(TestRunner.java:596)
at org.testng.SuiteRunner.runTest(SuiteRunner.java:377)
at org.testng.SuiteRunner.runSequentially(SuiteRunner.java:371)
at org.testng.SuiteRunner.privateRun(SuiteRunner.java:332)
at org.testng.SuiteRunner.run(SuiteRunner.java:276)
at org.testng.SuiteRunnerWorker.runSuite(SuiteRunnerWorker.java:53)
at org.testng.SuiteRunnerWorker.run(SuiteRunnerWorker.java:96)
at org.testng.TestNG.runSuitesSequentially(TestNG.java:1212)
at org.testng.TestNG.runSuitesLocally(TestNG.java:1134)
at org.testng.TestNG.runSuites(TestNG.java:1063)
at org.testng.TestNG.run(TestNG.java:1031)
at org.testng.remote.AbstractRemoteTestNG.run(AbstractRemoteTestNG.java:115)
at org.testng.remote.RemoteTestNG.initAndRun(RemoteTestNG.java:251)
at org.testng.remote.RemoteTestNG.main(RemoteTestNG.java:77)
Caused by: java.io.UncheckedIOException: java.net.SocketException: Connection reset
at org.openqa.selenium.remote.http.netty.NettyHttpHandler.makeCall(NettyHttpHandler.java:73)
at org.openqa.selenium.remote.http.AddSeleniumUserAgent.lambda$apply$0(AddSeleniumUserAgent.java:42)
at org.openqa.selenium.remote.http.Filter.lambda$andFinally$1(Filter.java:56)
at org.openqa.selenium.remote.http.netty.NettyHttpHandler.execute(NettyHttpHandler.java:49)
at org.openqa.selenium.remote.http.AddSeleniumUserAgent.lambda$apply$0(AddSeleniumUserAgent.java:42)
at org.openqa.selenium.remote.http.Filter.lambda$andFinally$1(Filter.java:56)
at org.openqa.selenium.remote.http.netty.NettyClient.execute(NettyClient.java:99)
at org.openqa.selenium.remote.HttpCommandExecutor.execute(HttpCommandExecutor.java:181)
at org.openqa.selenium.remote.service.DriverCommandExecutor.invokeExecute(DriverCommandExecutor.java:167)
at org.openqa.selenium.remote.service.DriverCommandExecutor.execute(DriverCommandExecutor.java:142)
at org.openqa.selenium.remote.RemoteWebDriver.execute(RemoteWebDriver.java:543)
... 27 more
Caused by: java.net.SocketException: Connection reset
at java.base/sun.nio.ch.SocketChannelImpl.throwConnectionReset(SocketChannelImpl.java:401)
at java.base/sun.nio.ch.SocketChannelImpl.read(SocketChannelImpl.java:434)
at io.netty.buffer.PooledByteBuf.setBytes(PooledByteBuf.java:259)
at io.netty.buffer.AbstractByteBuf.writeBytes(AbstractByteBuf.java:1132)
at io.netty.channel.socket.nio.NioSocketChannel.doReadBytes(NioSocketChannel.java:357)
at io.netty.channel.nio.AbstractNioByteChannel$NioByteUnsafe.read(AbstractNioByteChannel.java:151)
at io.netty.channel.nio.NioEventLoop.processSelectedKey(NioEventLoop.java:788)
at io.netty.channel.nio.NioEventLoop.processSelectedKeysOptimized(NioEventLoop.java:724)
at io.netty.channel.nio.NioEventLoop.processSelectedKeys(NioEventLoop.java:650)
at io.netty.channel.nio.NioEventLoop.run(NioEventLoop.java:562)
at io.netty.util.concurrent.SingleThreadEventExecutor$4.run(SingleThreadEventExecutor.java:997)
at io.netty.util.internal.ThreadExecutorMap$2.run(ThreadExecutorMap.java:74)
at io.netty.util.concurrent.FastThreadLocalRunnable.run(FastThreadLocalRunnable.java:30)
at java.base/java.lang.Thread.run(Thread.java:1589)
]]>
    </failure>
  </testcase> <!-- @BeforeClass setUp -->
  <testcase classname="com.test.PageTestCases" name="@AfterMethod tearDown" time="-1.678626828596E9">
    <skipped/>
  </testcase> <!-- @AfterMethod tearDown -->
  <testcase classname="com.test.PageTestCases" name="@AfterMethod tearDown" time="-1.678626828617E9">
    <skipped/>
  </testcase> <!-- @AfterMethod tearDown -->
  <testcase classname="com.test.PageTestCases" name="@AfterMethod tearDown" time="-1.678626828628E9">
    <skipped/>
  </testcase> <!-- @AfterMethod tearDown -->
  <testcase classname="com.test.PageTestCases" name="@AfterMethod tearDown" time="-1.67862682865E9">
    <skipped/>
  </testcase> <!-- @AfterMethod tearDown -->
  <testcase classname="com.test.PageTestCases" name="@AfterMethod tearDown" time="-1.67862682868E9">
    <skipped/>
  </testcase> <!-- @AfterMethod tearDown -->
  <testcase classname="com.test.PageTestCases" name="@AfterMethod tearDown" time="-1.678626828715E9">
    <skipped/>
  </testcase> <!-- @AfterMethod tearDown -->
  <testcase classname="com.test.PageTestCases" name="@AfterMethod tearDown" time="-1.678626828742E9">
    <skipped/>
  </testcase> <!-- @AfterMethod tearDown -->
  <testcase classname="com.test.PageTestCases" name="@AfterMethod tearDown" time="-1.67862682955E9">
    <skipped/>
  </testcase> <!-- @AfterMethod tearDown -->
  <testcase classname="com.test.PageTestCases" name="@AfterMethod tearDown" time="-1.678626829652E9">
    <skipped/>
  </testcase> <!-- @AfterMethod tearDown -->
  <testcase classname="com.test.PageTestCases" name="@AfterMethod tearDown" time="-1.678626829662E9">
    <skipped/>
  </testcase> <!-- @AfterMethod tearDown -->
  <testcase classname="com.test.PageTestCases" name="@AfterMethod tearDown" time="-1.678626829666E9">
    <skipped/>
  </testcase> <!-- @AfterMethod tearDown -->
  <testcase classname="com.test.PageTestCases" name="@AfterMethod tearDown" time="-1.678626829672E9">
    <skipped/>
  </testcase> <!-- @AfterMethod tearDown -->
  <testcase classname="com.test.PageTestCases" name="@AfterMethod tearDown" time="-1.678626829676E9">
    <skipped/>
  </testcase> <!-- @AfterMethod tearDown -->
  <testcase classname="com.test.PageTestCases" name="@AfterMethod tearDown" time="-1.678626829682E9">
    <skipped/>
  </testcase> <!-- @AfterMethod tearDown -->
  <testcase classname="com.test.PageTestCases" name="@AfterTest endReport" time="-1.678626829685E9">
    <skipped/>
  </testcase> <!-- @AfterTest endReport -->
  <testcase classname="com.test.PageTestCases" name="ClickOnPhones" time="0.0">
    <skipped/>
  </testcase> <!-- ClickOnPhones -->
  <testcase classname="com.test.PageTestCases" name="ClickOnLaptops" time="0.0">
    <skipped/>
  </testcase> <!-- ClickOnLaptops -->
  <testcase classname="com.test.PageTestCases" name="ClickOnMonitors" time="0.0">
    <skipped/>
  </testcase> <!-- ClickOnMonitors -->
  <testcase classname="com.test.PageTestCases" name="ClickOnAddtocart" time="0.0">
    <skipped/>
  </testcase> <!-- ClickOnAddtocart -->
  <testcase classname="com.test.PageTestCases" name="ClikOnCart" time="0.0">
    <skipped/>
  </testcase> <!-- ClikOnCart -->
  <testcase classname="com.test.PageTestCases" name="ClickOnDelete" time="0.0">
    <skipped/>
  </testcase> <!-- ClickOnDelete -->
  <testcase classname="com.test.PageTestCases" name="ClickOnEmptyData" time="0.0">
    <skipped/>
  </testcase> <!-- ClickOnEmptyData -->
  <testcase classname="com.test.PageTestCases" name="ClickonInvalidData" time="0.0">
    <skipped/>
  </testcase> <!-- ClickonInvalidData -->
  <testcase classname="com.test.PageTestCases" name="ClickOnValidData" time="0.0">
    <skipped/>
  </testcase> <!-- ClickOnValidData -->
  <testcase classname="com.test.PageTestCases" name="ClickOnPlayVideo" time="0.0">
    <skipped/>
  </testcase> <!-- ClickOnPlayVideo -->
  <testcase classname="com.test.PageTestCases" name="ClickOnScreensize" time="0.0">
    <skipped/>
  </testcase> <!-- ClickOnScreensize -->
  <testcase classname="com.test.PageTestCases" name="ClickOnVolumebutton" time="0.0">
    <skipped/>
  </testcase> <!-- ClickOnVolumebutton -->
  <testcase classname="com.test.PageTestCases" name="ClickOnPause" time="0.0">
    <skipped/>
  </testcase> <!-- ClickOnPause -->
  <testcase classname="com.test.PageTestCases" name="ClickOnAboutUsClose" time="0.0">
    <skipped/>
  </testcase> <!-- ClickOnAboutUsClose -->
</testsuite> <!-- Default test -->
