<?xml version="1.0" encoding="UTF-8"?>
<!-- Generated by org.testng.reporters.JUnitXMLReporter -->
<testsuite ignored="0" hostname="DESKTOP-7G3FJ2O" failures="7" tests="33" name="Test" time="130.392" errors="0" timestamp="2023-03-12T10:39:48 IST">
  <testcase classname="com.test.HomePageTestCases" name="Signup" time="3.608"/>
  <testcase classname="com.test.HomePageTestCases" name="logIn" time="4.372"/>
  <testcase classname="com.test.HomePageTestCases" name="selectCategory" time="3.059"/>
  <testcase classname="com.test.HomePageTestCases" name="addToCart" time="9.86"/>
  <testcase classname="com.test.HomePageTestCases" name="placeOrderCheck" time="30.081"/>
  <testcase classname="com.test.HomePageTestCases" name="clickAudio" time="2.252"/>
  <testcase classname="com.test.HomePageTestCases" name="contactAccessibilityCheck" time="1.461"/>
  <testcase classname="com.test.HomePageTestCases" name="validContactsCheck" time="1.741"/>
  <testcase classname="com.test.HomePageTestCases" name="navLinkCheck" time="0.347"/>
  <testcase classname="com.test.HomePageTestCases" name="invalidContactsMenuCheck" time="1.364">
    <failure type="java.lang.AssertionError" message="did not expect [Thanks for the message!!] but found [Thanks for the message!!]">
      <![CDATA[java.lang.AssertionError: did not expect [Thanks for the message!!] but found [Thanks for the message!!]
at com.test.HomePageTestCases.invalidContactsMenuCheck(HomePageTestCases.java:267)
at java.base/java.util.ArrayList.forEach(ArrayList.java:1511)
... Removed 30 stack frames]]>
    </failure>
  </testcase> <!-- invalidContactsMenuCheck -->
  <testcase classname="com.test.HomePageTestCases" name="invalidContactsMenuCheck" time="1.416">
    <failure type="java.lang.AssertionError" message="did not expect [Thanks for the message!!] but found [Thanks for the message!!]">
      <![CDATA[java.lang.AssertionError: did not expect [Thanks for the message!!] but found [Thanks for the message!!]
at com.test.HomePageTestCases.invalidContactsMenuCheck(HomePageTestCases.java:267)
at java.base/java.util.ArrayList.forEach(ArrayList.java:1511)
... Removed 30 stack frames]]>
    </failure>
  </testcase> <!-- invalidContactsMenuCheck -->
  <testcase classname="com.test.HomePageTestCases" name="invalidContactsMenuCheck" time="2.273">
    <failure type="java.lang.AssertionError" message="did not expect [Thanks for the message!!] but found [Thanks for the message!!]">
      <![CDATA[java.lang.AssertionError: did not expect [Thanks for the message!!] but found [Thanks for the message!!]
at com.test.HomePageTestCases.invalidContactsMenuCheck(HomePageTestCases.java:267)
at java.base/java.util.ArrayList.forEach(ArrayList.java:1511)
... Removed 30 stack frames]]>
    </failure>
  </testcase> <!-- invalidContactsMenuCheck -->
  <testcase classname="com.test.HomePageTestCases" name="contactTextCheck" time="1.779">
    <failure type="java.lang.AssertionError" message="expected [true] but found [false]">
      <![CDATA[java.lang.AssertionError: expected [true] but found [false]
at com.test.HomePageTestCases.contactTextCheck(HomePageTestCases.java:283)
at java.base/java.util.ArrayList.forEach(ArrayList.java:1511)
... Removed 29 stack frames]]>
    </failure>
  </testcase> <!-- contactTextCheck -->
  <testcase classname="com.test.HomePageTestCases" name="contactTextCheck" time="1.731"/>
  <testcase classname="com.test.HomePageTestCases" name="cartAccessCheck" time="1.431"/>
  <testcase classname="com.test.HomePageTestCases" name="placeOrderClose" time="6.223"/>
  <testcase classname="com.test.HomePageTestCases" name="deleteCart" time="8.8"/>
  <testcase classname="com.test.HomePageTestCases" name="checkOptionPresent" time="0.919">
    <failure type="java.lang.AssertionError" message="expected [true] but found [false]">
      <![CDATA[java.lang.AssertionError: expected [true] but found [false]
at com.test.HomePageTestCases.checkOptionPresent(HomePageTestCases.java:138)
at java.base/java.util.ArrayList.forEach(ArrayList.java:1511)
... Removed 29 stack frames]]>
    </failure>
  </testcase> <!-- checkOptionPresent -->
  <testcase classname="com.test.HomePageTestCases" name="checkOptionPresent" time="1.111">
    <failure type="java.lang.AssertionError" message="expected [true] but found [false]">
      <![CDATA[java.lang.AssertionError: expected [true] but found [false]
at com.test.HomePageTestCases.checkOptionPresent(HomePageTestCases.java:138)
at java.base/java.util.ArrayList.forEach(ArrayList.java:1511)
... Removed 29 stack frames]]>
    </failure>
  </testcase> <!-- checkOptionPresent -->
  <testcase classname="com.test.HomePageTestCases" name="checkOptionPresent" time="0.18">
    <failure type="java.lang.AssertionError" message="expected [true] but found [false]">
      <![CDATA[java.lang.AssertionError: expected [true] but found [false]
at com.test.HomePageTestCases.checkOptionPresent(HomePageTestCases.java:138)
at java.base/java.util.ArrayList.forEach(ArrayList.java:1511)
... Removed 29 stack frames]]>
    </failure>
  </testcase> <!-- checkOptionPresent -->
  <testcase classname="com.test.HomePageTestCases" name="checkOptionPresent" time="0.165"/>
  <testcase classname="com.test.HomePageTestCases" name="signUpValidations" time="3.189"/>
  <testcase classname="com.test.HomePageTestCases" name="signUpValidations" time="1.52"/>
  <testcase classname="com.test.HomePageTestCases" name="signUpValidations" time="1.741"/>
  <testcase classname="com.test.HomePageTestCases" name="signUpValidPasswordLen" time="1.843"/>
  <testcase classname="com.test.HomePageTestCases" name="signUpInValidPasswordLen" time="1.623"/>
  <testcase classname="com.test.HomePageTestCases" name="loginValidation" time="2.917"/>
  <testcase classname="com.test.HomePageTestCases" name="loginValidation" time="1.967"/>
  <testcase classname="com.test.HomePageTestCases" name="loginValidation" time="3.21"/>
  <testcase classname="com.test.HomePageTestCases" name="loginValidation" time="1.555"/>
  <testcase classname="com.test.HomePageTestCases" name="validLoginPasswordLength" time="1.612"/>
  <testcase classname="com.test.HomePageTestCases" name="inValidLoginPasswordLength" time="1.365"/>
  <testcase classname="com.test.HomePageTestCases" name="navigateToLink" time="0.473"/>
</testsuite> <!-- Test -->
