<?xml version="1.0" encoding="UTF-8"?>
<!-- Generated by org.testng.reporters.JUnitXMLReporter -->
<testsuite ignored="8" hostname="DESKTOP-3FO8H9V" failures="0" tests="10" name="Test" time="0.064" errors="0" timestamp="2023-03-12T16:06:04 IST">
  <testcase classname="com.base.TestBase" name="@BeforeSuite setUp" time="0.324">
    <failure type="java.lang.NoClassDefFoundError" message="org/slf4j/spi/LoggingEventBuilder">
      <![CDATA[java.lang.NoClassDefFoundError: org/slf4j/spi/LoggingEventBuilder
at org.apache.logging.slf4j.Log4jLoggerFactory.newLogger(Log4jLoggerFactory.java:50)
at org.apache.logging.slf4j.Log4jLoggerFactory.newLogger(Log4jLoggerFactory.java:33)
at org.apache.logging.log4j.spi.AbstractLoggerAdapter.getLogger(AbstractLoggerAdapter.java:53)
at org.apache.logging.slf4j.Log4jLoggerFactory.getLogger(Log4jLoggerFactory.java:33)
at org.slf4j.LoggerFactory.getLogger(LoggerFactory.java:363)
at org.apache.logging.slf4j.SLF4JLoggerContext.getLogger(SLF4JLoggerContext.java:36)
at org.apache.log4j.Category.<init>(Category.java:175)
at org.apache.log4j.Category.<init>(Category.java:188)
at org.apache.log4j.Logger.<init>(Logger.java:57)
at org.apache.log4j.spi.RootLogger.<init>(RootLogger.java:39)
at org.apache.log4j.LogManager.<clinit>(LogManager.java:72)
at org.apache.log4j.Logger.getLogger(Logger.java:40)
at com.base.TestBase.initialazation(TestBase.java:49)
at com.base.TestBase.setUp(TestBase.java:66)
Caused by: java.lang.ClassNotFoundException: org.slf4j.spi.LoggingEventBuilder
at java.base/jdk.internal.loader.BuiltinClassLoader.loadClass(BuiltinClassLoader.java:641)
at java.base/jdk.internal.loader.ClassLoaders$AppClassLoader.loadClass(ClassLoaders.java:188)
at java.base/java.lang.ClassLoader.loadClass(ClassLoader.java:521)
... 31 more
... Removed 17 stack frames]]>
    </failure>
  </testcase> <!-- @BeforeSuite setUp -->
  <testcase classname="com.test.SignUpPageTest" name="@BeforeMethod set" time="-1.678617364639E9">
    <skipped/>
  </testcase> <!-- @BeforeMethod set -->
  <testcase classname="com.test.ProductInfoPageTest" name="@BeforeMethod set" time="-1.678617364651E9">
    <skipped/>
  </testcase> <!-- @BeforeMethod set -->
  <testcase classname="com.test.ProductInfoPageTest" name="@BeforeMethod set" time="-1.678617364656E9">
    <skipped/>
  </testcase> <!-- @BeforeMethod set -->
  <testcase classname="com.test.ProductInfoPageTest" name="@BeforeMethod set" time="-1.67861736466E9">
    <skipped/>
  </testcase> <!-- @BeforeMethod set -->
  <testcase classname="com.test.CartPageTest" name="@BeforeMethod set" time="-1.678617364664E9">
    <skipped/>
  </testcase> <!-- @BeforeMethod set -->
  <testcase classname="com.test.CartPageTest" name="@BeforeMethod set" time="-1.678617364669E9">
    <skipped/>
  </testcase> <!-- @BeforeMethod set -->
  <testcase classname="com.test.CartPageTest" name="@BeforeMethod set" time="-1.678617364673E9">
    <skipped/>
  </testcase> <!-- @BeforeMethod set -->
  <testcase classname="com.test.SignUpPageTest" name="registerUser" time="0.0">
    <skipped/>
  </testcase> <!-- registerUser -->
  <testcase classname="com.test.LoginPageTest" name="loginTest" time="0.0">
    <skipped/>
  </testcase> <!-- loginTest -->
  <testcase classname="com.test.ProductInfoPageTest" name="selectLappy" time="0.0">
    <skipped/>
  </testcase> <!-- selectLappy -->
  <testcase classname="com.test.ProductInfoPageTest" name="selectMonitor" time="0.0">
    <skipped/>
  </testcase> <!-- selectMonitor -->
  <testcase classname="com.test.ProductInfoPageTest" name="selectPhone" time="0.0">
    <skipped/>
  </testcase> <!-- selectPhone -->
  <testcase classname="com.test.CartPageTest" name="goToCart" time="0.0">
    <skipped/>
  </testcase> <!-- goToCart -->
  <testcase classname="com.test.CartPageTest" name="validateDeleteItem" time="0.0">
    <skipped/>
  </testcase> <!-- validateDeleteItem -->
  <testcase classname="com.test.CartPageTest" name="valiadteTotalProductPrice" time="0.0">
    <skipped/>
  </testcase> <!-- valiadteTotalProductPrice -->
  <testcase classname="com.test.PaymentInfoPageTest" name="verifyPurchaseWithoutInfo" time="0.0">
    <skipped/>
  </testcase> <!-- verifyPurchaseWithoutInfo -->
  <testcase classname="com.test.PaymentInfoPageTest" name="verifyPurchaseWithInfo" time="0.0">
    <skipped/>
  </testcase> <!-- verifyPurchaseWithInfo -->
  <testcase classname="com.base.TestBase" name="@BeforeSuite setUp" time="0.0">
    <ignored/>
  </testcase> <!-- @BeforeSuite setUp -->
  <testcase classname="com.base.TestBase" name="@BeforeSuite setUp" time="0.0">
    <ignored/>
  </testcase> <!-- @BeforeSuite setUp -->
  <testcase classname="com.base.TestBase" name="@BeforeSuite setUp" time="0.0">
    <ignored/>
  </testcase> <!-- @BeforeSuite setUp -->
  <testcase classname="com.base.TestBase" name="@BeforeSuite setUp" time="0.0">
    <ignored/>
  </testcase> <!-- @BeforeSuite setUp -->
  <testcase classname="com.base.TestBase" name="@AfterSuite tearDown" time="0.0">
    <ignored/>
  </testcase> <!-- @AfterSuite tearDown -->
  <testcase classname="com.base.TestBase" name="@AfterSuite tearDown" time="0.0">
    <ignored/>
  </testcase> <!-- @AfterSuite tearDown -->
  <testcase classname="com.base.TestBase" name="@AfterSuite tearDown" time="0.0">
    <ignored/>
  </testcase> <!-- @AfterSuite tearDown -->
  <testcase classname="com.base.TestBase" name="@AfterSuite tearDown" time="0.0">
    <ignored/>
  </testcase> <!-- @AfterSuite tearDown -->
</testsuite> <!-- Test -->
